# JRE version: OpenJDK Runtime Environment Temurin-21.0.7+6 (21.0.7+6) (build 21.0.7+6-LTS)
# Java VM: OpenJDK 64-Bit Server VM Temurin-21.0.7+6 (21.0.7+6-LTS, mixed mode, sharing, tiered, compressed oops, compressed class ptrs, parallel gc, windows-amd64)
GC Precious Log:
 CardTable entry size: 512
 CPUs: 8 total, 8 available
 Memory: 7991M
 Large Page Support: Disabled
 NUMA Support: Disabled
 Compressed Oops: Enabled (32-bit)
 Alignments: Space 512K, Generation 512K, Heap 2M
 Heap Min Capacity: 100M
 Heap Initial Capacity: 100M
 Heap Max Capacity: 1G
 Pre-touch: Disabled
 Parallel Workers: 8
Heap:
 PSYoungGen      total 14336K, used 3234K [0x00000000eab00000, 0x00000000ebb80000, 0x0000000100000000)
  eden space 13312K, 19% used [0x00000000eab00000,0x00000000ead98968,0x00000000eb800000)
  from space 1024K, 56% used [0x00000000eba80000,0x00000000ebb10000,0x00000000ebb80000)
  to   space 1024K, 0% used [0x00000000eb980000,0x00000000eb980000,0x00000000eba80000)
 ParOldGen       total 493568K, used 493075K [0x00000000c0000000, 0x00000000de200000, 0x00000000eab00000)
  object space 493568K, 99% used [0x00000000c0000000,0x00000000de184f10,0x00000000de200000)
 Metaspace       used 64860K, committed 66176K, reserved 1114112K
  class space    used 6789K, committed 7360K, reserved 1048576K
GC Heap History (20 events):
Event: 45.252 GC heap after
{Heap after GC invocations=648 (full 3):
 PSYoungGen      total 10240K, used 1056K [0x00000000eab00000, 0x00000000ebb80000, 0x0000000100000000)
  eden space 8704K, 0% used [0x00000000eab00000,0x00000000eab00000,0x00000000eb380000)
  from space 1536K, 68% used [0x00000000eb980000,0x00000000eba88000,0x00000000ebb00000)
  to   space 512K, 0% used [0x00000000ebb00000,0x00000000ebb00000,0x00000000ebb80000)
 ParOldGen       total 489984K, used 489787K [0x00000000c0000000, 0x00000000dde80000, 0x00000000eab00000)
  object space 489984K, 99% used [0x00000000c0000000,0x00000000dde4ef10,0x00000000dde80000)
 Metaspace       used 64429K, committed 65664K, reserved 1114112K
  class space    used 6760K, committed 7296K, reserved 1048576K
}
Event: 45.326 GC heap before
{Heap before GC invocations=649 (full 3):
 PSYoungGen      total 10240K, used 9760K [0x00000000eab00000, 0x00000000ebb80000, 0x0000000100000000)
  eden space 8704K, 100% used [0x00000000eab00000,0x00000000eb380000,0x00000000eb380000)
  from space 1536K, 68% used [0x00000000eb980000,0x00000000eba88000,0x00000000ebb00000)
  to   space 512K, 0% used [0x00000000ebb00000,0x00000000ebb00000,0x00000000ebb80000)
 ParOldGen       total 489984K, used 489787K [0x00000000c0000000, 0x00000000dde80000, 0x00000000eab00000)
  object space 489984K, 99% used [0x00000000c0000000,0x00000000dde4ef10,0x00000000dde80000)
 Metaspace       used 64466K, committed 65728K, reserved 1114112K
  class space    used 6760K, committed 7296K, reserved 1048576K
}
Event: 45.330 GC heap after
{Heap after GC invocations=649 (full 3):
 PSYoungGen      total 9216K, used 64K [0x00000000eab00000, 0x00000000ebb80000, 0x0000000100000000)
  eden space 8704K, 0% used [0x00000000eab00000,0x00000000eab00000,0x00000000eb380000)
  from space 512K, 12% used [0x00000000ebb00000,0x00000000ebb10000,0x00000000ebb80000)
  to   space 512K, 0% used [0x00000000eba80000,0x00000000eba80000,0x00000000ebb00000)
 ParOldGen       total 491008K, used 490731K [0x00000000c0000000, 0x00000000ddf80000, 0x00000000eab00000)
  object space 491008K, 99% used [0x00000000c0000000,0x00000000ddf3af10,0x00000000ddf80000)
 Metaspace       used 64466K, committed 65728K, reserved 1114112K
  class space    used 6760K, committed 7296K, reserved 1048576K
}
Event: 45.351 GC heap before
{Heap before GC invocations=650 (full 3):
 PSYoungGen      total 9216K, used 8768K [0x00000000eab00000, 0x00000000ebb80000, 0x0000000100000000)
  eden space 8704K, 100% used [0x00000000eab00000,0x00000000eb380000,0x00000000eb380000)
  from space 512K, 12% used [0x00000000ebb00000,0x00000000ebb10000,0x00000000ebb80000)
  to   space 512K, 0% used [0x00000000eba80000,0x00000000eba80000,0x00000000ebb00000)
 ParOldGen       total 491008K, used 490731K [0x00000000c0000000, 0x00000000ddf80000, 0x00000000eab00000)
  object space 491008K, 99% used [0x00000000c0000000,0x00000000ddf3af10,0x00000000ddf80000)
 Metaspace       used 64466K, committed 65728K, reserved 1114112K
  class space    used 6760K, committed 7296K, reserved 1048576K
}
Event: 45.352 GC heap after
{Heap after GC invocations=650 (full 3):
 PSYoungGen      total 9216K, used 64K [0x00000000eab00000, 0x00000000ebb80000, 0x0000000100000000)
  eden space 8704K, 0% used [0x00000000eab00000,0x00000000eab00000,0x00000000eb380000)
  from space 512K, 12% used [0x00000000eba80000,0x00000000eba90000,0x00000000ebb00000)
  to   space 512K, 0% used [0x00000000ebb00000,0x00000000ebb00000,0x00000000ebb80000)
 ParOldGen       total 491008K, used 490763K [0x00000000c0000000, 0x00000000ddf80000, 0x00000000eab00000)
  object space 491008K, 99% used [0x00000000c0000000,0x00000000ddf42f10,0x00000000ddf80000)
 Metaspace       used 64466K, committed 65728K, reserved 1114112K
  class space    used 6760K, committed 7296K, reserved 1048576K
}
Event: 45.389 GC heap before
{Heap before GC invocations=651 (full 3):
 PSYoungGen      total 9216K, used 8768K [0x00000000eab00000, 0x00000000ebb80000, 0x0000000100000000)
  eden space 8704K, 100% used [0x00000000eab00000,0x00000000eb380000,0x00000000eb380000)
  from space 512K, 12% used [0x00000000eba80000,0x00000000eba90000,0x00000000ebb00000)
  to   space 512K, 0% used [0x00000000ebb00000,0x00000000ebb00000,0x00000000ebb80000)
 ParOldGen       total 491008K, used 490763K [0x00000000c0000000, 0x00000000ddf80000, 0x00000000eab00000)
  object space 491008K, 99% used [0x00000000c0000000,0x00000000ddf42f10,0x00000000ddf80000)
 Metaspace       used 64466K, committed 65728K, reserved 1114112K
  class space    used 6760K, committed 7296K, reserved 1048576K
}
Event: 45.391 GC heap after
{Heap after GC invocations=651 (full 3):
 PSYoungGen      total 9216K, used 32K [0x00000000eab00000, 0x00000000ebb80000, 0x0000000100000000)
  eden space 8704K, 0% used [0x00000000eab00000,0x00000000eab00000,0x00000000eb380000)
  from space 512K, 6% used [0x00000000ebb00000,0x00000000ebb08000,0x00000000ebb80000)
  to   space 512K, 0% used [0x00000000eba80000,0x00000000eba80000,0x00000000ebb00000)
 ParOldGen       total 491008K, used 490763K [0x00000000c0000000, 0x00000000ddf80000, 0x00000000eab00000)
  object space 491008K, 99% used [0x00000000c0000000,0x00000000ddf42f10,0x00000000ddf80000)
 Metaspace       used 64466K, committed 65728K, reserved 1114112K
  class space    used 6760K, committed 7296K, reserved 1048576K
}
Event: 45.404 GC heap before
{Heap before GC invocations=652 (full 3):
 PSYoungGen      total 9216K, used 8736K [0x00000000eab00000, 0x00000000ebb80000, 0x0000000100000000)
  eden space 8704K, 100% used [0x00000000eab00000,0x00000000eb380000,0x00000000eb380000)
  from space 512K, 6% used [0x00000000ebb00000,0x00000000ebb08000,0x00000000ebb80000)
  to   space 512K, 0% used [0x00000000eba80000,0x00000000eba80000,0x00000000ebb00000)
 ParOldGen       total 491008K, used 490763K [0x00000000c0000000, 0x00000000ddf80000, 0x00000000eab00000)
  object space 491008K, 99% used [0x00000000c0000000,0x00000000ddf42f10,0x00000000ddf80000)
 Metaspace       used 64466K, committed 65728K, reserved 1114112K
  class space    used 6760K, committed 7296K, reserved 1048576K
}
Event: 45.406 GC heap after
{Heap after GC invocations=652 (full 3):
 PSYoungGen      total 9216K, used 64K [0x00000000eab00000, 0x00000000ebb80000, 0x0000000100000000)
  eden space 8704K, 0% used [0x00000000eab00000,0x00000000eab00000,0x00000000eb380000)
  from space 512K, 12% used [0x00000000eba80000,0x00000000eba90000,0x00000000ebb00000)
  to   space 512K, 0% used [0x00000000ebb00000,0x00000000ebb00000,0x00000000ebb80000)
 ParOldGen       total 491008K, used 490763K [0x00000000c0000000, 0x00000000ddf80000, 0x00000000eab00000)
  object space 491008K, 99% used [0x00000000c0000000,0x00000000ddf42f10,0x00000000ddf80000)
 Metaspace       used 64466K, committed 65728K, reserved 1114112K
  class space    used 6760K, committed 7296K, reserved 1048576K
}
Event: 45.417 GC heap before
{Heap before GC invocations=653 (full 3):
 PSYoungGen      total 9216K, used 8768K [0x00000000eab00000, 0x00000000ebb80000, 0x0000000100000000)
  eden space 8704K, 100% used [0x00000000eab00000,0x00000000eb380000,0x00000000eb380000)
  from space 512K, 12% used [0x00000000eba80000,0x00000000eba90000,0x00000000ebb00000)
  to   space 512K, 0% used [0x00000000ebb00000,0x00000000ebb00000,0x00000000ebb80000)
 ParOldGen       total 491008K, used 490763K [0x00000000c0000000, 0x00000000ddf80000, 0x00000000eab00000)
  object space 491008K, 99% used [0x00000000c0000000,0x00000000ddf42f10,0x00000000ddf80000)
 Metaspace       used 64466K, committed 65728K, reserved 1114112K
  class space    used 6760K, committed 7296K, reserved 1048576K
}
Event: 45.418 GC heap after
{Heap after GC invocations=653 (full 3):
 PSYoungGen      total 9216K, used 64K [0x00000000eab00000, 0x00000000ebb80000, 0x0000000100000000)
  eden space 8704K, 0% used [0x00000000eab00000,0x00000000eab00000,0x00000000eb380000)
  from space 512K, 12% used [0x00000000ebb00000,0x00000000ebb10000,0x00000000ebb80000)
  to   space 512K, 0% used [0x00000000eba80000,0x00000000eba80000,0x00000000ebb00000)
 ParOldGen       total 491008K, used 490763K [0x00000000c0000000, 0x00000000ddf80000, 0x00000000eab00000)
  object space 491008K, 99% used [0x00000000c0000000,0x00000000ddf42f10,0x00000000ddf80000)
 Metaspace       used 64466K, committed 65728K, reserved 1114112K
  class space    used 6760K, committed 7296K, reserved 1048576K
}
Event: 45.430 GC heap before
{Heap before GC invocations=654 (full 3):
 PSYoungGen      total 9216K, used 8768K [0x00000000eab00000, 0x00000000ebb80000, 0x0000000100000000)
  eden space 8704K, 100% used [0x00000000eab00000,0x00000000eb380000,0x00000000eb380000)
  from space 512K, 12% used [0x00000000ebb00000,0x00000000ebb10000,0x00000000ebb80000)
  to   space 512K, 0% used [0x00000000eba80000,0x00000000eba80000,0x00000000ebb00000)
 ParOldGen       total 491008K, used 490763K [0x00000000c0000000, 0x00000000ddf80000, 0x00000000eab00000)
  object space 491008K, 99% used [0x00000000c0000000,0x00000000ddf42f10,0x00000000ddf80000)
 Metaspace       used 64466K, committed 65728K, reserved 1114112K
  class space    used 6760K, committed 7296K, reserved 1048576K
}
Event: 45.432 GC heap after
{Heap after GC invocations=654 (full 3):
 PSYoungGen      total 9216K, used 32K [0x00000000eab00000, 0x00000000ebb80000, 0x0000000100000000)
  eden space 8704K, 0% used [0x00000000eab00000,0x00000000eab00000,0x00000000eb380000)
  from space 512K, 6% used [0x00000000eba80000,0x00000000eba88000,0x00000000ebb00000)
  to   space 512K, 0% used [0x00000000ebb00000,0x00000000ebb00000,0x00000000ebb80000)
 ParOldGen       total 491008K, used 490763K [0x00000000c0000000, 0x00000000ddf80000, 0x00000000eab00000)
  object space 491008K, 99% used [0x00000000c0000000,0x00000000ddf42f10,0x00000000ddf80000)
 Metaspace       used 64466K, committed 65728K, reserved 1114112K
  class space    used 6760K, committed 7296K, reserved 1048576K
}
Event: 45.452 GC heap before
{Heap before GC invocations=655 (full 3):
 PSYoungGen      total 9216K, used 8736K [0x00000000eab00000, 0x00000000ebb80000, 0x0000000100000000)
  eden space 8704K, 100% used [0x00000000eab00000,0x00000000eb380000,0x00000000eb380000)
  from space 512K, 6% used [0x00000000eba80000,0x00000000eba88000,0x00000000ebb00000)
  to   space 512K, 0% used [0x00000000ebb00000,0x00000000ebb00000,0x00000000ebb80000)
 ParOldGen       total 491008K, used 490763K [0x00000000c0000000, 0x00000000ddf80000, 0x00000000eab00000)
  object space 491008K, 99% used [0x00000000c0000000,0x00000000ddf42f10,0x00000000ddf80000)
 Metaspace       used 64476K, committed 65728K, reserved 1114112K
  class space    used 6760K, committed 7296K, reserved 1048576K
}
Event: 45.453 GC heap after
{Heap after GC invocations=655 (full 3):
 PSYoungGen      total 9216K, used 160K [0x00000000eab00000, 0x00000000ebb80000, 0x0000000100000000)
  eden space 8704K, 0% used [0x00000000eab00000,0x00000000eab00000,0x00000000eb380000)
  from space 512K, 31% used [0x00000000ebb00000,0x00000000ebb28000,0x00000000ebb80000)
  to   space 512K, 0% used [0x00000000eba80000,0x00000000eba80000,0x00000000ebb00000)
 ParOldGen       total 491008K, used 490763K [0x00000000c0000000, 0x00000000ddf80000, 0x00000000eab00000)
  object space 491008K, 99% used [0x00000000c0000000,0x00000000ddf42f10,0x00000000ddf80000)
 Metaspace       used 64476K, committed 65728K, reserved 1114112K
  class space    used 6760K, committed 7296K, reserved 1048576K
}
Event: 46.455 GC heap before
{Heap before GC invocations=656 (full 3):
 PSYoungGen      total 9216K, used 8864K [0x00000000eab00000, 0x00000000ebb80000, 0x0000000100000000)
  eden space 8704K, 100% used [0x00000000eab00000,0x00000000eb380000,0x00000000eb380000)
  from space 512K, 31% used [0x00000000ebb00000,0x00000000ebb28000,0x00000000ebb80000)
  to   space 512K, 0% used [0x00000000eba80000,0x00000000eba80000,0x00000000ebb00000)
 ParOldGen       total 491008K, used 490763K [0x00000000c0000000, 0x00000000ddf80000, 0x00000000eab00000)
  object space 491008K, 99% used [0x00000000c0000000,0x00000000ddf42f10,0x00000000ddf80000)
 Metaspace       used 64584K, committed 65920K, reserved 1114112K
  class space    used 6767K, committed 7296K, reserved 1048576K
}
Event: 46.459 GC heap after
{Heap after GC invocations=656 (full 3):
 PSYoungGen      total 9216K, used 512K [0x00000000eab00000, 0x00000000ebb80000, 0x0000000100000000)
  eden space 8704K, 0% used [0x00000000eab00000,0x00000000eab00000,0x00000000eb380000)
  from space 512K, 100% used [0x00000000eba80000,0x00000000ebb00000,0x00000000ebb00000)
  to   space 512K, 0% used [0x00000000ebb00000,0x00000000ebb00000,0x00000000ebb80000)
 ParOldGen       total 492544K, used 492339K [0x00000000c0000000, 0x00000000de100000, 0x00000000eab00000)
  object space 492544K, 99% used [0x00000000c0000000,0x00000000de0ccf10,0x00000000de100000)
 Metaspace       used 64584K, committed 65920K, reserved 1114112K
  class space    used 6767K, committed 7296K, reserved 1048576K
}
Event: 46.515 GC heap before
{Heap before GC invocations=657 (full 3):
 PSYoungGen      total 9216K, used 9216K [0x00000000eab00000, 0x00000000ebb80000, 0x0000000100000000)
  eden space 8704K, 100% used [0x00000000eab00000,0x00000000eb380000,0x00000000eb380000)
  from space 512K, 100% used [0x00000000eba80000,0x00000000ebb00000,0x00000000ebb00000)
  to   space 512K, 0% used [0x00000000ebb00000,0x00000000ebb00000,0x00000000ebb80000)
 ParOldGen       total 492544K, used 492339K [0x00000000c0000000, 0x00000000de100000, 0x00000000eab00000)
  object space 492544K, 99% used [0x00000000c0000000,0x00000000de0ccf10,0x00000000de100000)
 Metaspace       used 64750K, committed 66112K, reserved 1114112K
  class space    used 6786K, committed 7360K, reserved 1048576K
}
Event: 46.517 GC heap after
{Heap after GC invocations=657 (full 3):
 PSYoungGen      total 9216K, used 512K [0x00000000eab00000, 0x00000000ebb80000, 0x0000000100000000)
  eden space 8704K, 0% used [0x00000000eab00000,0x00000000eab00000,0x00000000eb380000)
  from space 512K, 100% used [0x00000000ebb00000,0x00000000ebb80000,0x00000000ebb80000)
  to   space 1536K, 0% used [0x00000000eb880000,0x00000000eb880000,0x00000000eba00000)
 ParOldGen       total 493056K, used 492891K [0x00000000c0000000, 0x00000000de180000, 0x00000000eab00000)
  object space 493056K, 99% used [0x00000000c0000000,0x00000000de156f10,0x00000000de180000)
 Metaspace       used 64750K, committed 66112K, reserved 1114112K
  class space    used 6786K, committed 7360K, reserved 1048576K
}
Event: 46.563 GC heap before
{Heap before GC invocations=658 (full 3):
 PSYoungGen      total 9216K, used 9216K [0x00000000eab00000, 0x00000000ebb80000, 0x0000000100000000)
  eden space 8704K, 100% used [0x00000000eab00000,0x00000000eb380000,0x00000000eb380000)
  from space 512K, 100% used [0x00000000ebb00000,0x00000000ebb80000,0x00000000ebb80000)
  to   space 1536K, 0% used [0x00000000eb880000,0x00000000eb880000,0x00000000eba00000)
 ParOldGen       total 493056K, used 492891K [0x00000000c0000000, 0x00000000de180000, 0x00000000eab00000)
  object space 493056K, 99% used [0x00000000c0000000,0x00000000de156f10,0x00000000de180000)
 Metaspace       used 64806K, committed 66176K, reserved 1114112K
  class space    used 6789K, committed 7360K, reserved 1048576K
}

